<?xml version="1.0" encoding="UTF-8"?>
<testsuite xmlns:xsi="http://www.w3.org/2001/XMLSchema-instance" xsi:noNamespaceSchemaLocation="https://maven.apache.org/surefire/maven-surefire-plugin/xsd/surefire-test-report-3.0.xsd" version="3.0" name="br.com.tormenta20.model.PersonagemTest" time="0.055" tests="7" errors="0" skipped="0" failures="0">
  <properties>
[...]
</properties>
  <testcase name="testAdicionarPericia" classname="br.com.tormenta20.model.PersonagemTest" time="0.011"/>
  <testcase name="testCalcularDefesa" classname="br.com.tormenta20.model.PersonagemTest" time="0.006"/>
  <testcase name="testCriacaoPersonagem" classname="br.com.tormenta20.model.PersonagemTest" time="0.002"/>
  <testcase name="testRolarAtaque" classname="br.com.tormenta20.model.PersonagemTest" time="0.007"/>
  <testcase name="testCalcularModificadorMagia" classname="br.com.tormenta20.model.PersonagemTest" time="0.002"/>
  <testcase name="testRolarDano" classname="br.com.tormenta20.model.PersonagemTest" time="0.001"/>
  <testcase name="testCalcularPVePM" classname="br.com.tormenta20.model.PersonagemTest" time="0.001"/>
</testsuite>